<html>
<head>
<title>TestNG:  Test</title>
<link href="../testng.css" rel="stylesheet" type="text/css" />
<link href="../my-testng.css" rel="stylesheet" type="text/css" />

<style type="text/css">
.log { display: none;} 
.stack-trace { display: none;} 
</style>
<script type="text/javascript">
<!--
function flip(e) {
  current = e.style.display;
  if (current == 'block') {
    e.style.display = 'none';
    return 0;
  }
  else {
    e.style.display = 'block';
    return 1;
  }
}

function toggleBox(szDivId, elem, msg1, msg2)
{
  var res = -1;  if (document.getElementById) {
    res = flip(document.getElementById(szDivId));
  }
  else if (document.all) {
    // this is the way old msie versions work
    res = flip(document.all[szDivId]);
  }
  if(elem) {
    if(res == 0) elem.innerHTML = msg1; else elem.innerHTML = msg2;
  }

}

function toggleAllBoxes() {
  if (document.getElementsByTagName) {
    d = document.getElementsByTagName('div');
    for (i = 0; i < d.length; i++) {
      if (d[i].className == 'log') {
        flip(d[i]);
      }
    }
  }
}

// -->
</script>

</head>
<body>
<h2 align='center'>Test</h2><table border='1' align="center">
<tr>
<td>Tests passed/Failed/Skipped:</td><td>8/1/0</td>
</tr><tr>
<td>Started on:</td><td>Sat Mar 04 00:33:32 IST 2023</td>
</tr>
<tr><td>Total time:</td><td>422 seconds (422055 ms)</td>
</tr><tr>
<td>Included groups:</td><td></td>
</tr><tr>
<td>Excluded groups:</td><td></td>
</tr>
</table><p/>
<small><i>(Hover the method name to see the test class name)</i></small><p/>
<table width='100%' border='1' class='invocation-failed'>
<tr><td colspan='4' align='center'><b>FAILED TESTS</b></td></tr>
<tr><td><b>Test method</b></td>
<td><b>Attribute(s)</b></td>
<td width="30%"><b>Exception</b></td>
<td width="10%"><b>Time (seconds)</b></td>
<td><b>Instance</b></td>
</tr>
<tr>
<td title='runner.MyInfoRunner.runScenario()'><b>runScenario</b><br>Test class: runner.MyInfoRunner<br>Test method: Runs Cucumber Scenarios<br>Parameters: "Giving invalid input numbers in required field of Personal Information section", "OrangeHRM Personal Information"</td>
<td><div><pre>org.openqa.selenium.NoSuchElementException: no such element: Unable to locate element: {&quot;method&quot;:&quot;xpath&quot;,&quot;selector&quot;:&quot;//div/div[1]/span[@class=&apos;oxd-text oxd-text--span oxd-input-field-error-message oxd-input-group__message&apos;]&quot;}
  (Session info: chrome=110.0.5481.178)
For documentation on this error, please visit: https://selenium.dev/exceptions/#no_such_element
Build info: version: &apos;4.7.2&apos;, revision: &apos;4d4020c3b7&apos;
System info: os.name: &apos;Windows 11&apos;, os.arch: &apos;amd64&apos;, os.version: &apos;10.0&apos;, java.version: &apos;17.0.5&apos;
Driver info: org.openqa.selenium.chrome.ChromeDriver
Command: [8f39cc2d31286749a35c5ba2063c0f75, findElement {using=xpath, value=//div/div[1]/span[@class=&apos;oxd-text oxd-text--span oxd-input-field-error-message oxd-input-group__message&apos;]}]
Capabilities {acceptInsecureCerts: false, browserName: chrome, browserVersion: 110.0.5481.178, chrome: {chromedriverVersion: 109.0.5414.74 (e7c5703604da..., userDataDir: C:\Program Files (x86)\scop...}, goog:chromeOptions: {debuggerAddress: localhost:56439}, networkConnectionEnabled: false, pageLoadStrategy: normal, platformName: WINDOWS, proxy: Proxy(), se:cdp: ws://localhost:56439/devtoo..., se:cdpVersion: 110.0.5481.178, setWindowRect: true, strictFileInteractability: false, timeouts: {implicit: 0, pageLoad: 300000, script: 30000}, unhandledPromptBehavior: dismiss and notify, webauthn:extension:credBlob: true, webauthn:extension:largeBlob: true, webauthn:virtualAuthenticators: true}
Session ID: 8f39cc2d31286749a35c5ba2063c0f75
	at org.openqa.selenium.remote.codec.w3c.W3CHttpResponseCodec.createException(W3CHttpResponseCodec.java:200)
	at org.openqa.selenium.remote.codec.w3c.W3CHttpResponseCodec.decode(W3CHttpResponseCodec.java:133)
	at org.openqa.selenium.remote.codec.w3c.W3CHttpResponseCodec.decode(W3CHttpResponseCodec.java:53)
	at org.openqa.selenium.remote.HttpCommandExecutor.execute(HttpCommandExecutor.java:184)
	at org.openqa.selenium.remote.service.DriverCommandExecutor.invokeExecute(DriverCommandExecutor.java:167)
	at org.openqa.selenium.remote.service.DriverCommandExecutor.execute(DriverCommandExecutor.java:142)
	at org.openqa.selenium.remote.RemoteWebDriver.execute(RemoteWebDriver.java:535)
	at org.openqa.selenium.remote.ElementLocation$ElementFinder$2.findElement(ElementLocation.java:162)
	at org.openqa.selenium.remote.ElementLocation.findElement(ElementLocation.java:60)
	at org.openqa.selenium.remote.RemoteWebDriver.findElement(RemoteWebDriver.java:351)
	at org.openqa.selenium.remote.RemoteWebDriver.findElement(RemoteWebDriver.java:343)
	at runner.MyInfoStepDefinition.it_should_show_me_error_message(MyInfoStepDefinition.java:232)
	at ✽.it should show me error message(classpath:runner/features/MyInfo1.feature:27)
... Removed 5 stack frames</pre></div><a href='#' onClick='toggleBox("stack-trace1822115007", this, "Click to show all stack frames", "Click to hide stack frames")'>Click to show all stack frames</a>
<div class='stack-trace' id='stack-trace1822115007'><pre>org.openqa.selenium.NoSuchElementException: no such element: Unable to locate element: {&quot;method&quot;:&quot;xpath&quot;,&quot;selector&quot;:&quot;//div/div[1]/span[@class=&apos;oxd-text oxd-text--span oxd-input-field-error-message oxd-input-group__message&apos;]&quot;}
  (Session info: chrome=110.0.5481.178)
For documentation on this error, please visit: https://selenium.dev/exceptions/#no_such_element
Build info: version: &apos;4.7.2&apos;, revision: &apos;4d4020c3b7&apos;
System info: os.name: &apos;Windows 11&apos;, os.arch: &apos;amd64&apos;, os.version: &apos;10.0&apos;, java.version: &apos;17.0.5&apos;
Driver info: org.openqa.selenium.chrome.ChromeDriver
Command: [8f39cc2d31286749a35c5ba2063c0f75, findElement {using=xpath, value=//div/div[1]/span[@class=&apos;oxd-text oxd-text--span oxd-input-field-error-message oxd-input-group__message&apos;]}]
Capabilities {acceptInsecureCerts: false, browserName: chrome, browserVersion: 110.0.5481.178, chrome: {chromedriverVersion: 109.0.5414.74 (e7c5703604da..., userDataDir: C:\Program Files (x86)\scop...}, goog:chromeOptions: {debuggerAddress: localhost:56439}, networkConnectionEnabled: false, pageLoadStrategy: normal, platformName: WINDOWS, proxy: Proxy(), se:cdp: ws://localhost:56439/devtoo..., se:cdpVersion: 110.0.5481.178, setWindowRect: true, strictFileInteractability: false, timeouts: {implicit: 0, pageLoad: 300000, script: 30000}, unhandledPromptBehavior: dismiss and notify, webauthn:extension:credBlob: true, webauthn:extension:largeBlob: true, webauthn:virtualAuthenticators: true}
Session ID: 8f39cc2d31286749a35c5ba2063c0f75
	at java.base/jdk.internal.reflect.NativeConstructorAccessorImpl.newInstance0(Native Method)
	at java.base/jdk.internal.reflect.NativeConstructorAccessorImpl.newInstance(NativeConstructorAccessorImpl.java:77)
	at java.base/jdk.internal.reflect.DelegatingConstructorAccessorImpl.newInstance(DelegatingConstructorAccessorImpl.java:45)
	at java.base/java.lang.reflect.Constructor.newInstanceWithCaller(Constructor.java:499)
	at java.base/java.lang.reflect.Constructor.newInstance(Constructor.java:480)
	at org.openqa.selenium.remote.codec.w3c.W3CHttpResponseCodec.createException(W3CHttpResponseCodec.java:200)
	at org.openqa.selenium.remote.codec.w3c.W3CHttpResponseCodec.decode(W3CHttpResponseCodec.java:133)
	at org.openqa.selenium.remote.codec.w3c.W3CHttpResponseCodec.decode(W3CHttpResponseCodec.java:53)
	at org.openqa.selenium.remote.HttpCommandExecutor.execute(HttpCommandExecutor.java:184)
	at org.openqa.selenium.remote.service.DriverCommandExecutor.invokeExecute(DriverCommandExecutor.java:167)
	at org.openqa.selenium.remote.service.DriverCommandExecutor.execute(DriverCommandExecutor.java:142)
	at org.openqa.selenium.remote.RemoteWebDriver.execute(RemoteWebDriver.java:535)
	at org.openqa.selenium.remote.ElementLocation$ElementFinder$2.findElement(ElementLocation.java:162)
	at org.openqa.selenium.remote.ElementLocation.findElement(ElementLocation.java:60)
	at org.openqa.selenium.remote.RemoteWebDriver.findElement(RemoteWebDriver.java:351)
	at org.openqa.selenium.remote.RemoteWebDriver.findElement(RemoteWebDriver.java:343)
	at runner.MyInfoStepDefinition.it_should_show_me_error_message(MyInfoStepDefinition.java:232)
	at ✽.it should show me error message(classpath:runner/features/MyInfo1.feature:27)
</pre></div></td>
<td>50</td>
<td>runner.MyInfoRunner@43df23d3</td></tr>
</table><p>
<table width='100%' border='1' class='invocation-passed'>
<tr><td colspan='4' align='center'><b>PASSED TESTS</b></td></tr>
<tr><td><b>Test method</b></td>
<td><b>Attribute(s)</b></td>
<td width="30%"><b>Exception</b></td>
<td width="10%"><b>Time (seconds)</b></td>
<td><b>Instance</b></td>
</tr>
<tr>
<td title='runner.MyInfoRunner.runScenario()'><b>runScenario</b><br>Test class: runner.MyInfoRunner<br>Test method: Runs Cucumber Scenarios<br>Parameters: "Add a new dependent", "Add new dependent"</td>
<td></td>
<td>39</td>
<td>runner.MyInfoRunner@43df23d3</td></tr>
<tr>
<td title='runner.MyInfoRunner.runScenario()'><b>runScenario</b><br>Test class: runner.MyInfoRunner<br>Test method: Runs Cucumber Scenarios<br>Parameters: "Edit existing dependent", "Add new dependent"</td>
<td></td>
<td>42</td>
<td>runner.MyInfoRunner@43df23d3</td></tr>
<tr>
<td title='runner.MyInfoRunner.runScenario()'><b>runScenario</b><br>Test class: runner.MyInfoRunner<br>Test method: Runs Cucumber Scenarios<br>Parameters: "Delete existing dependent", "Add new dependent"</td>
<td></td>
<td>58</td>
<td>runner.MyInfoRunner@43df23d3</td></tr>
<tr>
<td title='runner.MyInfoRunner.runScenario()'><b>runScenario</b><br>Test class: runner.MyInfoRunner<br>Test method: Runs Cucumber Scenarios<br>Parameters: "Change Profile picture section", "OrangeHRM My Info"</td>
<td></td>
<td>32</td>
<td>runner.MyInfoRunner@43df23d3</td></tr>
<tr>
<td title='runner.MyInfoRunner.runScenario()'><b>runScenario</b><br>Test class: runner.MyInfoRunner<br>Test method: Runs Cucumber Scenarios<br>Parameters: "Update personal information with correct input", "OrangeHRM Personal Information"</td>
<td></td>
<td>74</td>
<td>runner.MyInfoRunner@43df23d3</td></tr>
<tr>
<td title='runner.MyInfoRunner.runScenario()'><b>runScenario</b><br>Test class: runner.MyInfoRunner<br>Test method: Runs Cucumber Scenarios<br>Parameters: "Giving invalid input spaces in required field of Personal Information section", "OrangeHRM Personal Information"</td>
<td></td>
<td>34</td>
<td>runner.MyInfoRunner@43df23d3</td></tr>
<tr>
<td title='runner.MyInfoRunner.runScenario()'><b>runScenario</b><br>Test class: runner.MyInfoRunner<br>Test method: Runs Cucumber Scenarios<br>Parameters: "Add a new dependent", "Add new dependent"</td>
<td></td>
<td>56</td>
<td>runner.MyInfoRunner@43df23d3</td></tr>
<tr>
<td title='runner.MyInfoRunner.runScenario()'><b>runScenario</b><br>Test class: runner.MyInfoRunner<br>Test method: Runs Cucumber Scenarios<br>Parameters: "View My Info page", "OrangeHRM My Info"</td>
<td></td>
<td>32</td>
<td>runner.MyInfoRunner@43df23d3</td></tr>
</table><p>
</body>
</html>